<?xml version="1.0" encoding="UTF-8"?>
<!-- Generated by org.testng.reporters.JUnitReportReporter -->
<testsuite hostname="Shahnozas-MacBook-Air.local" failures="0" tests="1" name="com.exelenter.testcases.LoginTest" time="6.095" errors="0" timestamp="2023-02-27T20:32:24 MST" skipped="0">
  <testcase classname="com.exelenter.testcases.LoginTest" name="validAdminLogin" time="6.095"/>
  <system-out/>
</testsuite> <!-- com.exelenter.testcases.LoginTest -->
