<?xml version="1.0" encoding="UTF-8"?>
<!-- Generated by org.testng.reporters.JUnitReportReporter -->
<testsuite hostname="Shahnozas-MacBook-Air.local" failures="0" tests="3" name="com.exelenter.testcases.LoginTest" time="17.927" errors="0" timestamp="2023-03-18T09:04:49 MDT" skipped="0">
  <testcase classname="com.exelenter.testcases.LoginTest" name="validAdminLogin" time="5.633"/>
  <system-out/>
  <testcase classname="com.exelenter.testcases.LoginTest" name="validUserInvalidPassword" time="5.154"/>
  <system-out/>
  <testcase classname="com.exelenter.testcases.LoginTest" name="validUserEmptyPassword" time="7.140"/>
  <system-out/>
</testsuite> <!-- com.exelenter.testcases.LoginTest -->
