<?xml version="1.0" encoding="UTF-8"?>
<!-- Generated by org.testng.reporters.JUnitReportReporter -->
<testsuite hostname="Shahnozas-MacBook-Air.local" failures="0" tests="3" name="com.exelenter.testcases.LoginTest" time="15.817" errors="0" timestamp="2023-02-27T20:17:04 MST" skipped="0">
  <testcase classname="com.exelenter.testcases.LoginTest" name="validUserInvalidPassword" time="5.032"/>
  <system-out/>
  <testcase classname="com.exelenter.testcases.LoginTest" name="validAdminLogin" time="5.548"/>
  <system-out/>
  <testcase classname="com.exelenter.testcases.LoginTest" name="validUserEmptyPassword" time="5.237"/>
  <system-out/>
</testsuite> <!-- com.exelenter.testcases.LoginTest -->
