<?xml version="1.0" encoding="UTF-8"?>
<!-- Generated by org.testng.reporters.JUnitReportReporter -->
<testsuite hostname="Saids-MBP.lan" failures="0" tests="3" name="com.exelenter.testcases.LoginTest" time="27.190" errors="0" timestamp="2023-11-26T13:40:22 PST" skipped="0">
  <testcase classname="com.exelenter.testcases.LoginTest" name="validUserInvalidPassword" time="8.939"/>
  <testcase classname="com.exelenter.testcases.LoginTest" name="validUserEmptyPassword" time="8.811"/>
  <testcase classname="com.exelenter.testcases.LoginTest" name="validAdminLogin" time="9.440"/>
</testsuite> <!-- com.exelenter.testcases.LoginTest -->
