<?xml version="1.0" encoding="UTF-8"?>
<!-- Generated by org.testng.reporters.JUnitReportReporter -->
<testsuite hostname="Shahnozas-MacBook-Air.local" failures="0" tests="3" name="com.exelenter.testcases.LoginTest" time="16.335" errors="0" timestamp="2023-03-18T21:35:30 MDT" skipped="0">
  <testcase classname="com.exelenter.testcases.LoginTest" name="validUserInvalidPassword" time="4.727"/>
  <system-out/>
  <testcase classname="com.exelenter.testcases.LoginTest" name="validUserEmptyPassword" time="4.044"/>
  <system-out/>
  <testcase classname="com.exelenter.testcases.LoginTest" name="validAdminLogin" time="7.564"/>
  <system-out/>
</testsuite> <!-- com.exelenter.testcases.LoginTest -->
